<?xml version="1.0" encoding="UTF-8"?>
<testsuite xmlns:xsi="http://www.w3.org/2001/XMLSchema-instance" xsi:noNamespaceSchemaLocation="https://maven.apache.org/surefire/maven-surefire-plugin/xsd/surefire-test-report.xsd" name="bensmith.WordSearchTest" time="0.305" tests="43" errors="0" skipped="0" failures="0">
  <properties>
[...]
</properties>
  <testcase name="whenWordSearchIsCreatedWithoutAListOfWordsItHasAnEmptyWordList" classname="bensmith.WordSearchTest" time="0.016"/>
  <testcase name="whenSearchingForALongWordFindIt" classname="bensmith.WordSearchTest" time="0.008"/>
  <testcase name="whenAWordIsInTheListButNotTheGrid" classname="bensmith.WordSearchTest" time="0.009"/>
  <testcase name="whenSearchingMakeSureWordCanFit" classname="bensmith.WordSearchTest" time="0.007"/>
  <testcase name="whenEqualPositionPairsComparedTheyAreEqual" classname="bensmith.WordSearchTest" time="0.006"/>
  <testcase name="whenSearchingAColumnFindBones" classname="bensmith.WordSearchTest" time="0.006"/>
  <testcase name="whenSearchingVerticalReturnPositionPairStart" classname="bensmith.WordSearchTest" time="0.006"/>
  <testcase name="whenSearchingDiagonalDescendingFindSpock" classname="bensmith.WordSearchTest" time="0.006"/>
  <testcase name="dimensionGivesCorrectValue" classname="bensmith.WordSearchTest" time="0.006"/>
  <testcase name="whenWordFoundOutputEntireLocationReverseCases" classname="bensmith.WordSearchTest" time="0.008"/>
  <testcase name="whenWordSearchIsPassedATooShortFileANonNullIsCreated" classname="bensmith.WordSearchTest" time="0.005"/>
  <testcase name="reportStartingPositionPair" classname="bensmith.WordSearchTest" time="0.005"/>
  <testcase name="outputFromBigFileStates" classname="bensmith.WordSearchTest" time="0.006"/>
  <testcase name="whenSearchingHorizontalFindScotty" classname="bensmith.WordSearchTest" time="0.004"/>
  <testcase name="whenSearchingVerticalFindBones" classname="bensmith.WordSearchTest" time="0.004"/>
  <testcase name="whenAllWordsFoundCompleteOutput" classname="bensmith.WordSearchTest" time="0.007"/>
  <testcase name="whenSearchingARowHorizontalFindScotty" classname="bensmith.WordSearchTest" time="0.005"/>
  <testcase name="whenWordSearchIsPassedARealFileNameItDoesNotThrowAnException" classname="bensmith.WordSearchTest" time="0.004"/>
  <testcase name="obtainCorrectReverseOfWords" classname="bensmith.WordSearchTest" time="0.005"/>
  <testcase name="whenSearchingDiagonalDescendingReturnPositionPairStart" classname="bensmith.WordSearchTest" time="0.005"/>
  <testcase name="whenSearchingFindScottyOnlyInRow5" classname="bensmith.WordSearchTest" time="0.004"/>
  <testcase name="whenNonEqualPositionPairsComparedTheyAreNotEqual" classname="bensmith.WordSearchTest" time="0.005"/>
  <testcase name="whenSearchingAWordReportStartString" classname="bensmith.WordSearchTest" time="0.004"/>
  <testcase name="whenExampleFileIsGivenItCreatesAValidWordSearch" classname="bensmith.WordSearchTest" time="0.005"/>
  <testcase name="whenComparingLettersFindCorrectMatches" classname="bensmith.WordSearchTest" time="0.004"/>
  <testcase name="whenSearchingFindAllWords" classname="bensmith.WordSearchTest" time="0.005"/>
  <testcase name="whenSearchingDiagonalAscendingFindWord" classname="bensmith.WordSearchTest" time="0.004"/>
  <testcase name="whenWordSearchIsCreatedWithSpecificWordItIsInWordList" classname="bensmith.WordSearchTest" time="0.005"/>
  <testcase name="whenWordSearchIsCreatedWithMultipleWordsTheyAreAllInWordList" classname="bensmith.WordSearchTest" time="0.005"/>
  <testcase name="whenSearchingAWordReportStartStringReverse" classname="bensmith.WordSearchTest" time="0.005"/>
  <testcase name="whenSearchingDiagonalAscendingReturnPositionPairStart" classname="bensmith.WordSearchTest" time="0.004"/>
  <testcase name="whenSearchingARowHorizontalDontFindScotty" classname="bensmith.WordSearchTest" time="0.005"/>
  <testcase name="whenPositionPairsAreEqualTheyHaveSameHashcode" classname="bensmith.WordSearchTest" time="0.008"/>
  <testcase name="whenWordSearchIsCreatedWithAListOfWordsItHasANonEmptyWordList" classname="bensmith.WordSearchTest" time="0.005"/>
  <testcase name="whenFileHasANonEmptyGridItIsSquare" classname="bensmith.WordSearchTest" time="0.005"/>
  <testcase name="whenWordSearchIsPassedAFileNameNotFoundItThrowsFileNotFoundException" classname="bensmith.WordSearchTest" time="0.004"/>
  <testcase name="whenWordSearchFileHasNoGridItWillReturnEmptyGrid" classname="bensmith.WordSearchTest" time="0.005"/>
  <testcase name="whenSearchingHorizontalReturnPositionPairStart" classname="bensmith.WordSearchTest" time="0.004"/>
  <testcase name="whenFileHasAGridItReturnsNonEmptyGrid" classname="bensmith.WordSearchTest" time="0.005"/>
  <testcase name="whenFileHasANonEmptyGridItHasAnElementAt0x0" classname="bensmith.WordSearchTest" time="0.004"/>
  <testcase name="whenNonDiagonalCharacterRequestedItIsCorrectByConvention" classname="bensmith.WordSearchTest" time="0.005"/>
  <testcase name="whenWordFoundOutputEntireLocation" classname="bensmith.WordSearchTest" time="0.004"/>
  <testcase name="whenHorizontalFindInReverse" classname="bensmith.WordSearchTest" time="0.004"/>
</testsuite>